<?xml version="1.0" encoding="UTF-8"?>
<!-- Generated by org.testng.reporters.JUnitXMLReporter -->
<testsuite hostname="MDB20LT296" ignored="0" name="Default test" tests="17" failures="1" timestamp="29 Jun 2020 16:15:32 GMT" time="0.132" errors="0">
  <testcase name="add" time="0.009" classname="com.scuba.training.Calculator"/>
  <testcase name="add" time="0.002" classname="com.scuba.training.Calculator"/>
  <testcase name="divInt" time="0.002" classname="com.scuba.training.Calculator"/>
  <testcase name="divInt" time="0.002" classname="com.scuba.training.Calculator"/>
  <testcase name="divReal" time="0.002" classname="com.scuba.training.Calculator"/>
  <testcase name="divReal" time="0.002" classname="com.scuba.training.Calculator"/>
  <testcase name="exp" time="0.003" classname="com.scuba.training.Calculator"/>
  <testcase name="exp" time="0.003" classname="com.scuba.training.Calculator"/>
  <testcase name="inverse" time="0.002" classname="com.scuba.training.Calculator"/>
  <testcase name="inverse" time="0.001" classname="com.scuba.training.Calculator"/>
  <testcase name="mod" time="0.002" classname="com.scuba.training.Calculator"/>
  <testcase name="mod" time="0.001" classname="com.scuba.training.Calculator"/>
  <testcase name="mul" time="0.001" classname="com.scuba.training.Calculator"/>
  <testcase name="mul" time="0.001" classname="com.scuba.training.Calculator"/>
  <testcase name="negate" time="0.0" classname="com.scuba.training.Calculator">
    <failure type="org.testng.TestNGException" message="
Parameter &amp;apos;number3&amp;apos; is required by @Test on method negate but has not been marked @Optional or defined
in C:\Users\manoharans\AppData\Local\Temp\testng-eclipse--920700298\testng-customsuite.xml">
      <![CDATA[org.testng.TestNGException: 
Parameter 'number3' is required by @Test on method negate but has not been marked @Optional or defined
in C:\Users\manoharans\AppData\Local\Temp\testng-eclipse--920700298\testng-customsuite.xml
	at org.testng.internal.Parameters.createParameters(Parameters.java:199)
	at org.testng.internal.Parameters.createParameters(Parameters.java:443)
	at org.testng.internal.Parameters.handleParameters(Parameters.java:568)
	at org.testng.internal.Invoker.handleParameters(Invoker.java:1293)
	at org.testng.internal.Invoker.createParameters(Invoker.java:1020)
	at org.testng.internal.Invoker.invokeTestMethods(Invoker.java:1110)
	at org.testng.internal.TestMethodWorker.invokeTestMethods(TestMethodWorker.java:129)
	at org.testng.internal.TestMethodWorker.run(TestMethodWorker.java:112)
	at org.testng.TestRunner.privateRun(TestRunner.java:756)
	at org.testng.TestRunner.run(TestRunner.java:610)
	at org.testng.SuiteRunner.runTest(SuiteRunner.java:387)
	at org.testng.SuiteRunner.runSequentially(SuiteRunner.java:382)
	at org.testng.SuiteRunner.privateRun(SuiteRunner.java:340)
	at org.testng.SuiteRunner.run(SuiteRunner.java:289)
	at org.testng.SuiteRunnerWorker.runSuite(SuiteRunnerWorker.java:52)
	at org.testng.SuiteRunnerWorker.run(SuiteRunnerWorker.java:86)
	at org.testng.TestNG.runSuitesSequentially(TestNG.java:1293)
	at org.testng.TestNG.runSuitesLocally(TestNG.java:1218)
	at org.testng.TestNG.runSuites(TestNG.java:1133)
	at org.testng.TestNG.run(TestNG.java:1104)
	at org.testng.remote.AbstractRemoteTestNG.run(AbstractRemoteTestNG.java:114)
	at org.testng.remote.RemoteTestNG.initAndRun(RemoteTestNG.java:251)
	at org.testng.remote.RemoteTestNG.main(RemoteTestNG.java:77)
]]>
    </failure>
  </testcase> <!-- negate -->
  <testcase name="sub" time="0.002" classname="com.scuba.training.Calculator"/>
  <testcase name="sub" time="0.005" classname="com.scuba.training.Calculator"/>
</testsuite> <!-- Default test -->
